{"/home/sam/Documents/invitation-manager/server/app.js": {"path":"/home/sam/Documents/invitation-manager/server/app.js","statementMap":{"0":{"start":{"line":2,"column":15},"end":{"line":2,"column":32}},"1":{"start":{"line":3,"column":17},"end":{"line":3,"column":48}},"2":{"start":{"line":4,"column":15},"end":{"line":4,"column":32}},"3":{"start":{"line":6,"column":0},"end":{"line":6,"column":52}},"4":{"start":{"line":8,"column":12},"end":{"line":8,"column":21}},"5":{"start":{"line":9,"column":0},"end":{"line":9,"column":24}},"6":{"start":{"line":11,"column":0},"end":{"line":13,"column":1}},"7":{"start":{"line":12,"column":2},"end":{"line":12,"column":25}},"8":{"start":{"line":15,"column":0},"end":{"line":15,"column":38}},"9":{"start":{"line":17,"column":0},"end":{"line":17,"column":21}}},"fnMap":{},"branchMap":{"0":{"loc":{"start":{"line":11,"column":0},"end":{"line":13,"column":1}},"type":"if","locations":[{"start":{"line":11,"column":0},"end":{"line":13,"column":1}},{"start":{"line":11,"column":0},"end":{"line":13,"column":1}}],"line":11}},"s":{"0":1,"1":1,"2":1,"3":1,"4":1,"5":1,"6":1,"7":0,"8":1,"9":1},"f":{},"b":{"0":[0,1]},"_coverageSchema":"332fd63041d2c1bcb487cc26dd0d5f7d97098a6c","hash":"8334db6a59db5aff117456ba2641e8fea06168fd"}
,"/home/sam/Documents/invitation-manager/server/controllers/invitees.js": {"path":"/home/sam/Documents/invitation-manager/server/controllers/invitees.js","statementMap":{"0":{"start":{"line":1,"column":16},"end":{"line":1,"column":44}},"1":{"start":{"line":6,"column":0},"end":{"line":13,"column":2}},"2":{"start":{"line":7,"column":2},"end":{"line":12,"column":3}},"3":{"start":{"line":8,"column":21},"end":{"line":8,"column":41}},"4":{"start":{"line":9,"column":4},"end":{"line":9,"column":35}},"5":{"start":{"line":11,"column":4},"end":{"line":11,"column":68}},"6":{"start":{"line":18,"column":0},"end":{"line":27,"column":2}},"7":{"start":{"line":19,"column":2},"end":{"line":26,"column":3}},"8":{"start":{"line":20,"column":20},"end":{"line":20,"column":57}},"9":{"start":{"line":21,"column":4},"end":{"line":23,"column":39}},"10":{"start":{"line":22,"column":6},"end":{"line":22,"column":76}},"11":{"start":{"line":23,"column":9},"end":{"line":23,"column":39}},"12":{"start":{"line":25,"column":4},"end":{"line":25,"column":67}},"13":{"start":{"line":32,"column":0},"end":{"line":39,"column":2}},"14":{"start":{"line":33,"column":2},"end":{"line":38,"column":3}},"15":{"start":{"line":34,"column":23},"end":{"line":34,"column":53}},"16":{"start":{"line":35,"column":4},"end":{"line":35,"column":37}},"17":{"start":{"line":37,"column":4},"end":{"line":37,"column":65}},"18":{"start":{"line":44,"column":0},"end":{"line":63,"column":2}},"19":{"start":{"line":45,"column":2},"end":{"line":62,"column":3}},"20":{"start":{"line":46,"column":27},"end":{"line":53,"column":5}},"21":{"start":{"line":55,"column":4},"end":{"line":59,"column":55}},"22":{"start":{"line":56,"column":6},"end":{"line":58,"column":62}},"23":{"start":{"line":59,"column":9},"end":{"line":59,"column":55}},"24":{"start":{"line":61,"column":4},"end":{"line":61,"column":72}},"25":{"start":{"line":68,"column":0},"end":{"line":79,"column":2}},"26":{"start":{"line":69,"column":2},"end":{"line":78,"column":3}},"27":{"start":{"line":70,"column":27},"end":{"line":70,"column":73}},"28":{"start":{"line":71,"column":4},"end":{"line":75,"column":41}},"29":{"start":{"line":72,"column":6},"end":{"line":74,"column":62}},"30":{"start":{"line":75,"column":9},"end":{"line":75,"column":41}},"31":{"start":{"line":77,"column":4},"end":{"line":77,"column":72}}},"fnMap":{"0":{"name":"(anonymous_0)","decl":{"start":{"line":6,"column":22},"end":{"line":6,"column":23}},"loc":{"start":{"line":6,"column":48},"end":{"line":13,"column":1}},"line":6},"1":{"name":"(anonymous_1)","decl":{"start":{"line":18,"column":21},"end":{"line":18,"column":22}},"loc":{"start":{"line":18,"column":47},"end":{"line":27,"column":1}},"line":18},"2":{"name":"(anonymous_2)","decl":{"start":{"line":32,"column":24},"end":{"line":32,"column":25}},"loc":{"start":{"line":32,"column":50},"end":{"line":39,"column":1}},"line":32},"3":{"name":"(anonymous_3)","decl":{"start":{"line":44,"column":24},"end":{"line":44,"column":25}},"loc":{"start":{"line":44,"column":50},"end":{"line":63,"column":1}},"line":44},"4":{"name":"(anonymous_4)","decl":{"start":{"line":68,"column":24},"end":{"line":68,"column":25}},"loc":{"start":{"line":68,"column":50},"end":{"line":79,"column":1}},"line":68}},"branchMap":{"0":{"loc":{"start":{"line":21,"column":4},"end":{"line":23,"column":39}},"type":"if","locations":[{"start":{"line":21,"column":4},"end":{"line":23,"column":39}},{"start":{"line":21,"column":4},"end":{"line":23,"column":39}}],"line":21},"1":{"loc":{"start":{"line":55,"column":4},"end":{"line":59,"column":55}},"type":"if","locations":[{"start":{"line":55,"column":4},"end":{"line":59,"column":55}},{"start":{"line":55,"column":4},"end":{"line":59,"column":55}}],"line":55},"2":{"loc":{"start":{"line":71,"column":4},"end":{"line":75,"column":41}},"type":"if","locations":[{"start":{"line":71,"column":4},"end":{"line":75,"column":41}},{"start":{"line":71,"column":4},"end":{"line":75,"column":41}}],"line":71}},"s":{"0":1,"1":1,"2":2,"3":2,"4":1,"5":1,"6":1,"7":3,"8":3,"9":2,"10":1,"11":1,"12":1,"13":1,"14":2,"15":2,"16":1,"17":1,"18":1,"19":3,"20":3,"21":2,"22":1,"23":1,"24":1,"25":1,"26":3,"27":3,"28":2,"29":1,"30":1,"31":1},"f":{"0":2,"1":3,"2":2,"3":3,"4":3},"b":{"0":[1,1],"1":[1,1],"2":[1,1]},"_coverageSchema":"332fd63041d2c1bcb487cc26dd0d5f7d97098a6c","hash":"01888873ce7f4c0c7c6962b95ebcf77e175bf70c"}
,"/home/sam/Documents/invitation-manager/server/models/Invitee.js": {"path":"/home/sam/Documents/invitation-manager/server/models/Invitee.js","statementMap":{"0":{"start":{"line":1,"column":17},"end":{"line":1,"column":36}},"1":{"start":{"line":2,"column":22},"end":{"line":87,"column":2}},"2":{"start":{"line":89,"column":0},"end":{"line":89,"column":58}}},"fnMap":{},"branchMap":{},"s":{"0":1,"1":1,"2":1},"f":{},"b":{},"_coverageSchema":"332fd63041d2c1bcb487cc26dd0d5f7d97098a6c","hash":"701e73877b4eade3d0462ef276e1e2a2329ddbaa"}
,"/home/sam/Documents/invitation-manager/server/routes/invitees.js": {"path":"/home/sam/Documents/invitation-manager/server/routes/invitees.js","statementMap":{"0":{"start":{"line":1,"column":16},"end":{"line":1,"column":34}},"1":{"start":{"line":8,"column":4},"end":{"line":8,"column":41}},"2":{"start":{"line":9,"column":15},"end":{"line":9,"column":31}},"3":{"start":{"line":10,"column":0},"end":{"line":12,"column":23}},"4":{"start":{"line":13,"column":0},"end":{"line":16,"column":25}},"5":{"start":{"line":17,"column":0},"end":{"line":17,"column":24}}},"fnMap":{},"branchMap":{},"s":{"0":1,"1":1,"2":1,"3":1,"4":1,"5":1},"f":{},"b":{},"_coverageSchema":"332fd63041d2c1bcb487cc26dd0d5f7d97098a6c","hash":"8faeb6696a5ff42934c134b50b16f02f6398046a"}
}
