TN:
SF:server/app.js
FNF:0
FNH:0
DA:2,1
DA:3,1
DA:4,1
DA:6,1
DA:8,1
DA:9,1
DA:11,1
DA:12,0
DA:15,1
DA:17,1
LF:10
LH:9
BRDA:11,0,0,0
BRDA:11,0,1,1
BRF:2
BRH:1
end_of_record
TN:
SF:server/controllers/invitees.js
FN:6,(anonymous_0)
FN:18,(anonymous_1)
FN:32,(anonymous_2)
FN:44,(anonymous_3)
FN:68,(anonymous_4)
FNF:5
FNH:5
FNDA:2,(anonymous_0)
FNDA:3,(anonymous_1)
FNDA:2,(anonymous_2)
FNDA:3,(anonymous_3)
FNDA:3,(anonymous_4)
DA:1,1
DA:6,1
DA:7,2
DA:8,2
DA:9,1
DA:11,1
DA:18,1
DA:19,3
DA:20,3
DA:21,2
DA:22,1
DA:23,1
DA:25,1
DA:32,1
DA:33,2
DA:34,2
DA:35,1
DA:37,1
DA:44,1
DA:45,3
DA:46,3
DA:55,2
DA:56,1
DA:59,1
DA:61,1
DA:68,1
DA:69,3
DA:70,3
DA:71,2
DA:72,1
DA:75,1
DA:77,1
LF:32
LH:32
BRDA:21,0,0,1
BRDA:21,0,1,1
BRDA:55,1,0,1
BRDA:55,1,1,1
BRDA:71,2,0,1
BRDA:71,2,1,1
BRF:6
BRH:6
end_of_record
TN:
SF:server/models/Invitee.js
FNF:0
FNH:0
DA:1,1
DA:2,1
DA:89,1
LF:3
LH:3
BRF:0
BRH:0
end_of_record
TN:
SF:server/routes/invitees.js
FNF:0
FNH:0
DA:1,1
DA:8,1
DA:9,1
DA:10,1
DA:13,1
DA:17,1
LF:6
LH:6
BRF:0
BRH:0
end_of_record
